<?xml version="1.0" encoding="UTF-8"?><testsuite errors="0" failures="0" name="com.studentapp.junit.FirstSerenityTest" skipped="2" tests="4" time="11.02" timestamp="2021-01-26 10:30:57"><testcase classname="com.studentapp.junit.FirstSerenityTest" name="This is a skipped test"><skipped/></testcase><testcase classname="com.studentapp.junit.FirstSerenityTest" name="This test will get the information of all the students from the Student App"/><testcase classname="com.studentapp.junit.FirstSerenityTest" name="This isa failing"><skipped/></testcase><testcase classname="com.studentapp.junit.FirstSerenityTest" name="Get all students"/></testsuite>