<?xml version="1.0" encoding="UTF-8"?><testsuite errors="0" failures="0" name="com.studentapp.junit.studentsinfo.TagsTest" skipped="1" tests="2" time="3.19" timestamp="2021-01-26 11:36:00"><testcase classname="com.studentapp.junit.studentsinfo.TagsTest" name="Provide a 405 status code when incorrect HTTP method is used to access a resource"><skipped/></testcase><testcase classname="com.studentapp.junit.studentsinfo.TagsTest" name="This test will verify if a status code of 200 is returned for GET request"/></testsuite>