<?xml version="1.0" encoding="UTF-8"?>
<testsuite name="com.studentapp.junit.studentsinfo.TagsTest" time="7.407" tests="2" errors="0" skipped="1" failures="0">
  <properties>
[...]
</properties>
  <testcase name="inValidMethod" classname="com.studentapp.junit.studentsinfo.TagsTest" time="0">
    <skipped/>
    <system-err><![CDATA[1011 [main] INFO net.thucydides.core.steps.ConsoleLoggingListener - &amp#27;[36m

-------------------------------------------------------------------------------------
     _______. _______ .______       _______ .__   __.  __  .___________.____    ____ 
    /       ||   ____||   _  \     |   ____||  \ |  | |  | |           |\   \  /   / 
   |   (----`|  |__   |  |_)  |    |  |__   |   \|  | |  | `---|  |----` \   \/   /  
    \   \    |   __|  |      /     |   __|  |  . `  | |  |     |  |       \_    _/   
.----)   |   |  |____ |  |\  \----.|  |____ |  |\   | |  |     |  |         |  |     
|_______/    |_______|| _| `._____||_______||__| \__| |__|     |__|         |__|    
                                                                                     
 News and tutorials at http://www.serenity-bdd.info                                  
 Documentation at https://wakaleo.gitbooks.io/the-serenity-book/content/             
 Join the Serenity Community on Rocket Chat at https://serenity-bdd.rocket.chat      
 Serenity BDD Support and Training at http://serenity-bdd.info/#/trainingandsupport  
 Learn Serenity BDD online at http://serenity-dojo.com                               
-------------------------------------------------------------------------------------
&amp#27;[0m
1714 [main] INFO net.thucydides.core.steps.ConsoleLoggingListener - Test Suite Started: Tags test
2917 [main] INFO net.thucydides.core.steps.ConsoleLoggingListener - 
 _____ _____ ____ _____   ____ _____  _    ____ _____ _____ ____  
|_   _| ____/ ___|_   _| / ___|_   _|/ \  |  _ \_   _| ____|  _ \ 
  | | |  _| \___ \ | |   \___ \ | | / _ \ | |_) || | |  _| | | | |
  | | | |___ ___) || |    ___) || |/ ___ \|  _ < | | | |___| |_| |
  |_| |_____|____/ |_|   |____/ |_/_/   \_\_| \_\|_| |_____|____/ 
                                                                  

TEST STARTED: inValidMethod
-------------------------------------------------------------------
2917 [main] INFO net.serenitybdd.core.Serenity - TEST NUMBER: 1
2918 [main] INFO net.thucydides.core.steps.ConsoleLoggingListener - TEST IGNORED
3649 [main] INFO net.thucydides.core.steps.ConsoleLoggingListener - 
            __  _____ _____ ____ _____   ____  _  _____ ____  ____  _____ ____  
  _        / / |_   _| ____/ ___|_   _| / ___|| |/ /_ _|  _ \|  _ \| ____|  _ \ 
 (_)_____ / /    | | |  _| \___ \ | |   \___ \| ' / | || |_) | |_) |  _| | | | |
  _|_____/ /     | | | |___ ___) || |    ___) | . \ | ||  __/|  __/| |___| |_| |
 (_)    /_/      |_| |_____|____/ |_|   |____/|_|\_\___|_|   |_|   |_____|____/ 
                                                                                

TEST SKIPPED: Provide a 405 status code when incorrect HTTP method is used to access a resource
---------------------------------------------------------------------------------
]]></system-err>
  </testcase>
  <testcase name="verifyIftheStatusCodeIs200" classname="com.studentapp.junit.studentsinfo.TagsTest" time="7.407"/>
</testsuite>